<?xml version="1.0" encoding="UTF-8"?>
<!-- Generated by org.testng.reporters.JUnitReportReporter -->
<testsuite hostname="IBM-1WST4D4" failures="0" tests="4" name="com.saucedemo.testng.LoginTest" time="18.073" errors="0" timestamp="2025-12-30T13:02:08 IST" skipped="0">
  <testcase classname="com.saucedemo.testng.LoginTest" name="loginWithInvalidUsernameAndValidPassword" time="3.200"/>
  <testcase classname="com.saucedemo.testng.LoginTest" name="openAppTest" time="7.846"/>
  <testcase classname="com.saucedemo.testng.LoginTest" name="loginWithValidCredentials" time="3.375"/>
  <testcase classname="com.saucedemo.testng.LoginTest" name="loginWithValidUsernameAndInvalidPassword" time="3.652"/>
</testsuite> <!-- com.saucedemo.testng.LoginTest -->
