<?xml version="1.0" encoding="UTF-8"?>
<!-- Generated by org.testng.reporters.JUnitReportReporter -->
<testsuite hostname="IBM-1WST4D4" failures="0" tests="3" name="com.saucedemo.testng.tests.LoginTest" time="17.364" errors="0" timestamp="2025-12-30T16:50:59 IST" skipped="0">
  <testcase classname="com.saucedemo.testng.tests.LoginTest" name="loginWithValidUsernameAndInvalidPassword" time="5.144"/>
  <testcase classname="com.saucedemo.testng.tests.LoginTest" name="loginWithInvalidUsernameAndValidPassword" time="5.139"/>
  <testcase classname="com.saucedemo.testng.tests.LoginTest" name="loginWithValidCredentials" time="7.081"/>
</testsuite> <!-- com.saucedemo.testng.tests.LoginTest -->
