<?xml version="1.0" encoding="UTF-8"?>
<!-- Generated by org.testng.reporters.JUnitReportReporter -->
<testsuite hostname="IBM-1WST4D4" failures="0" tests="2" name="com.saucedemo.testng.tests.ProductsTest" time="8.377" errors="0" timestamp="2025-12-30T16:50:59 IST" skipped="0">
  <testcase classname="com.saucedemo.testng.tests.ProductsTest" name="verifyMenuButtonisClickable" time="5.309"/>
  <testcase classname="com.saucedemo.testng.tests.ProductsTest" name="verifyProductsPageLoads" time="3.068"/>
</testsuite> <!-- com.saucedemo.testng.tests.ProductsTest -->
