<?xml version="1.0" encoding="UTF-8"?>
<!-- Generated by org.testng.reporters.JUnitReportReporter -->
<testsuite hostname="IBM-1WST4D4" failures="0" tests="4" name="com.saucedemo.testng.LoginTest" time="14.014" errors="0" timestamp="2025-12-29T15:51:05 IST" skipped="0">
  <testcase classname="com.saucedemo.testng.LoginTest" name="loginWithInvalidUsernameAndValidPassword" time="3.107"/>
  <testcase classname="com.saucedemo.testng.LoginTest" name="openAppTest" time="2.533"/>
  <testcase classname="com.saucedemo.testng.LoginTest" name="loginWithValidCredentials" time="5.195"/>
  <testcase classname="com.saucedemo.testng.LoginTest" name="loginWithValidUsernameAndInvalidPassword" time="3.179"/>
</testsuite> <!-- com.saucedemo.testng.LoginTest -->
