<?xml version="1.0" encoding="UTF-8"?>
<!-- Generated by org.testng.reporters.JUnitReportReporter -->
<testsuite hostname="IBM-1WST4D4" failures="0" tests="2" name="com.ibm.test.TransferFundsTest" time="0.004" errors="0" timestamp="2025-12-29T10:40:36 IST" skipped="0">
  <testcase classname="com.ibm.test.TransferFundsTest" name="verifyFundsTransferWithoutEnoughFunds" time="0.002"/>
  <testcase classname="com.ibm.test.TransferFundsTest" name="verifyFundsTransferWithEnoughFunds" time="0.002"/>
</testsuite> <!-- com.ibm.test.TransferFundsTest -->
