<?xml version="1.0" encoding="UTF-8"?>
<!-- Generated by org.testng.reporters.JUnitReportReporter -->
<testsuite hostname="IBM-1WST4D4" failures="0" tests="5" name="com.ibm.test.LoginTest" time="27.214" errors="0" timestamp="2025-12-29T12:44:43 IST" skipped="0">
  <testcase classname="com.ibm.test.LoginTest" name="verifyRegistrationWithInvalidInfo" time="6.709"/>
  <testcase classname="com.ibm.test.LoginTest" name="verifyLoginWithValidCredential" time="4.368"/>
  <testcase classname="com.ibm.test.LoginTest" name="verifyRegistration" time="4.554"/>
  <testcase classname="com.ibm.test.LoginTest" name="verifyLoginWithValidUsernameAndInvalidPassword" time="7.098"/>
  <testcase classname="com.ibm.test.LoginTest" name="verifyLoginWithInvalidUsernameAndValidPassword" time="4.485"/>
</testsuite> <!-- com.ibm.test.LoginTest -->
