<?xml version="1.0" encoding="UTF-8"?>
<!-- Generated by org.testng.reporters.JUnitXMLReporter -->
<testsuite ignored="0" hostname="IBM-1WST4D4" failures="0" tests="2" name="Default test" time="5.584" errors="0" timestamp="2025-12-30T15:44:28 IST">
  <testcase classname="com.saucedemo.testng.tests.ProductsTest" name="verifyMenuButtonisClickable" time="0.425"/>
  <testcase classname="com.saucedemo.testng.tests.ProductsTest" name="verifyProductsPageLoads" time="0.328"/>
</testsuite> <!-- Default test -->
