<?xml version="1.0" encoding="UTF-8"?>
<!-- Generated by org.testng.reporters.JUnitXMLReporter -->
<testsuite ignored="0" hostname="IBM-1WST4D4" failures="0" tests="4" name="Default test" time="14.118" errors="0" timestamp="2025-12-29T15:51:05 IST">
  <testcase classname="com.saucedemo.testng.LoginTest" name="openAppTest" time="0.049"/>
  <testcase classname="com.saucedemo.testng.LoginTest" name="loginWithInvalidUsernameAndValidPassword" time="0.67"/>
  <testcase classname="com.saucedemo.testng.LoginTest" name="loginWithValidCredentials" time="0.827"/>
  <testcase classname="com.saucedemo.testng.LoginTest" name="loginWithValidUsernameAndInvalidPassword" time="0.654"/>
</testsuite> <!-- Default test -->
