<?xml version="1.0" encoding="UTF-8"?>
<!-- Generated by org.testng.reporters.JUnitReportReporter -->
<testsuite hostname="IBM-1WST4D4" failures="0" tests="8" name="testCases.TablePageTest" time="21.913" errors="0" timestamp="2026-01-08T11:35:46 IST" skipped="0">
  <testcase classname="testCases.TablePageTest" name="verifyJavaCourses" time="3.228"/>
  <testcase classname="testCases.TablePageTest" name="verifyBeginnerCourses" time="1.856"/>
  <testcase classname="testCases.TablePageTest" name="verifyEnrollment" time="2.515"/>
  <testcase classname="testCases.TablePageTest" name="verifyMixedCondition" time="5.031"/>
  <testcase classname="testCases.TablePageTest" name="verifyNoMatchingCase" time="1.752"/>
  <testcase classname="testCases.TablePageTest" name="verifyResetButton" time="1.722"/>
  <testcase classname="testCases.TablePageTest" name="verifyEnrollmentSort" time="2.705"/>
  <testcase classname="testCases.TablePageTest" name="verifyCourseNameSort" time="3.104"/>
</testsuite> <!-- testCases.TablePageTest -->
