<?xml version="1.0" encoding="UTF-8"?>
<!-- Generated by org.testng.reporters.JUnitReportReporter -->
<testsuite hostname="IBM-1WST4D4" failures="0" tests="8" name="testCases.TablePageTest" time="21.316" errors="0" timestamp="2026-01-04T19:38:14 IST" skipped="0">
  <testcase classname="testCases.TablePageTest" name="verifyJavaCourses" time="3.453"/>
  <testcase classname="testCases.TablePageTest" name="verifyBeginnerCourses" time="2.642"/>
  <testcase classname="testCases.TablePageTest" name="verifyEnrollment" time="2.464"/>
  <testcase classname="testCases.TablePageTest" name="verifyMixedCondition" time="3.936"/>
  <testcase classname="testCases.TablePageTest" name="verifyNoMatchingCase" time="2.158"/>
  <testcase classname="testCases.TablePageTest" name="verifyResetButton" time="1.431"/>
  <testcase classname="testCases.TablePageTest" name="verifyEnrollmentSort" time="2.589"/>
  <testcase classname="testCases.TablePageTest" name="verifyCourseNameSort" time="2.643"/>
</testsuite> <!-- testCases.TablePageTest -->
