<?xml version="1.0" encoding="UTF-8"?>
<!-- Generated by org.testng.reporters.JUnitReportReporter -->
<testsuite hostname="IBM-1WST4D4" failures="0" tests="7" name="com.ibm.tests.PetTests" time="14.618" errors="0" timestamp="2026-01-07T13:00:56 IST" skipped="0">
  <testcase classname="com.ibm.tests.PetTests" name="updatePetInfo" time="1.433"/>
  <testcase classname="com.ibm.tests.PetTests" name="getPetById" time="1.159"/>
  <testcase classname="com.ibm.tests.PetTests" name="deletePetInfo" time="1.027"/>
  <testcase classname="com.ibm.tests.PetTests" name="getPetsByStatus" time="2.055"/>
  <testcase classname="com.ibm.tests.PetTests" name="uploadPetImage" time="2.300"/>
  <testcase classname="com.ibm.tests.PetTests" name="updatePetByFormData" time="1.168"/>
  <testcase classname="com.ibm.tests.PetTests" name="addPetInfo" time="5.476"/>
</testsuite> <!-- com.ibm.tests.PetTests -->
