<?xml version="1.0" encoding="UTF-8"?>
<testng-results ignored="0" total="1" passed="1" failed="0" skipped="0">
  <reporter-output>
  </reporter-output>
  <suite started-at="2026-01-02T14:05:52 IST" name="Default suite" finished-at="2026-01-02T14:06:02 IST" duration-ms="10566">
    <groups>
    </groups>
    <test started-at="2026-01-02T14:05:52 IST" name="Default test" finished-at="2026-01-02T14:06:02 IST" duration-ms="10566">
      <class name="com.ibm.test.GridTest">
        <test-method signature="runOnRemoteNode()[pri:0, instance:com.ibm.test.GridTest@2a4fb17b]" started-at="2026-01-02T14:05:52 IST" name="runOnRemoteNode" finished-at="2026-01-02T14:06:02 IST" duration-ms="10474" status="PASS">
          <reporter-output>
          </reporter-output>
        </test-method> <!-- runOnRemoteNode -->
      </class> <!-- com.ibm.test.GridTest -->
    </test> <!-- Default test -->
  </suite> <!-- Default suite -->
</testng-results>
