<?xml version="1.0" encoding="UTF-8"?>
<testng-results ignored="0" total="8" passed="8" failed="0" skipped="0">
  <reporter-output>
  </reporter-output>
  <suite started-at="2026-01-08T11:35:08 IST" name="Default suite" finished-at="2026-01-08T11:35:46 IST" duration-ms="37072">
    <groups>
    </groups>
    <test started-at="2026-01-08T11:35:08 IST" name="Default test" finished-at="2026-01-08T11:35:46 IST" duration-ms="37072">
      <class name="testCases.TablePageTest">
        <test-method is-config="true" signature="setup()[pri:0, instance:testCases.TablePageTest@3b69e7d1]" started-at="2026-01-08T11:35:08 IST" name="setup" finished-at="2026-01-08T11:35:20 IST" duration-ms="11468" status="PASS">
          <reporter-output>
          </reporter-output>
        </test-method> <!-- setup -->
        <test-method is-config="true" signature="setUpPage()[pri:0, instance:testCases.TablePageTest@3b69e7d1]" started-at="2026-01-08T11:35:20 IST" name="setUpPage" finished-at="2026-01-08T11:35:20 IST" duration-ms="235" status="PASS">
          <reporter-output>
          </reporter-output>
        </test-method> <!-- setUpPage -->
        <test-method signature="verifyJavaCourses()[pri:1, instance:testCases.TablePageTest@3b69e7d1]" started-at="2026-01-08T11:35:20 IST" name="verifyJavaCourses" finished-at="2026-01-08T11:35:23 IST" duration-ms="2993" status="PASS">
          <reporter-output>
          </reporter-output>
        </test-method> <!-- verifyJavaCourses -->
        <test-method is-config="true" signature="setUpPage()[pri:0, instance:testCases.TablePageTest@3b69e7d1]" started-at="2026-01-08T11:35:23 IST" name="setUpPage" finished-at="2026-01-08T11:35:23 IST" duration-ms="5" status="PASS">
          <reporter-output>
          </reporter-output>
        </test-method> <!-- setUpPage -->
        <test-method signature="verifyBeginnerCourses()[pri:2, instance:testCases.TablePageTest@3b69e7d1]" started-at="2026-01-08T11:35:23 IST" name="verifyBeginnerCourses" finished-at="2026-01-08T11:35:25 IST" duration-ms="1856" status="PASS">
          <reporter-output>
          </reporter-output>
        </test-method> <!-- verifyBeginnerCourses -->
        <test-method is-config="true" signature="setUpPage()[pri:0, instance:testCases.TablePageTest@3b69e7d1]" started-at="2026-01-08T11:35:25 IST" name="setUpPage" finished-at="2026-01-08T11:35:25 IST" duration-ms="6" status="PASS">
          <reporter-output>
          </reporter-output>
        </test-method> <!-- setUpPage -->
        <test-method signature="verifyEnrollment()[pri:3, instance:testCases.TablePageTest@3b69e7d1]" started-at="2026-01-08T11:35:25 IST" name="verifyEnrollment" finished-at="2026-01-08T11:35:28 IST" duration-ms="2513" status="PASS">
          <reporter-output>
          </reporter-output>
        </test-method> <!-- verifyEnrollment -->
        <test-method is-config="true" signature="setUpPage()[pri:0, instance:testCases.TablePageTest@3b69e7d1]" started-at="2026-01-08T11:35:28 IST" name="setUpPage" finished-at="2026-01-08T11:35:28 IST" duration-ms="2" status="PASS">
          <reporter-output>
          </reporter-output>
        </test-method> <!-- setUpPage -->
        <test-method signature="verifyMixedCondition()[pri:4, instance:testCases.TablePageTest@3b69e7d1]" started-at="2026-01-08T11:35:28 IST" name="verifyMixedCondition" finished-at="2026-01-08T11:35:33 IST" duration-ms="5027" status="PASS">
          <reporter-output>
          </reporter-output>
        </test-method> <!-- verifyMixedCondition -->
        <test-method is-config="true" signature="setUpPage()[pri:0, instance:testCases.TablePageTest@3b69e7d1]" started-at="2026-01-08T11:35:33 IST" name="setUpPage" finished-at="2026-01-08T11:35:33 IST" duration-ms="0" status="PASS">
          <reporter-output>
          </reporter-output>
        </test-method> <!-- setUpPage -->
        <test-method signature="verifyNoMatchingCase()[pri:5, instance:testCases.TablePageTest@3b69e7d1]" started-at="2026-01-08T11:35:33 IST" name="verifyNoMatchingCase" finished-at="2026-01-08T11:35:34 IST" duration-ms="1749" status="PASS">
          <reporter-output>
          </reporter-output>
        </test-method> <!-- verifyNoMatchingCase -->
        <test-method is-config="true" signature="setUpPage()[pri:0, instance:testCases.TablePageTest@3b69e7d1]" started-at="2026-01-08T11:35:34 IST" name="setUpPage" finished-at="2026-01-08T11:35:34 IST" duration-ms="4" status="PASS">
          <reporter-output>
          </reporter-output>
        </test-method> <!-- setUpPage -->
        <test-method signature="verifyResetButton()[pri:6, instance:testCases.TablePageTest@3b69e7d1]" started-at="2026-01-08T11:35:34 IST" name="verifyResetButton" finished-at="2026-01-08T11:35:36 IST" duration-ms="1717" status="PASS">
          <reporter-output>
          </reporter-output>
        </test-method> <!-- verifyResetButton -->
        <test-method is-config="true" signature="setUpPage()[pri:0, instance:testCases.TablePageTest@3b69e7d1]" started-at="2026-01-08T11:35:36 IST" name="setUpPage" finished-at="2026-01-08T11:35:36 IST" duration-ms="5" status="PASS">
          <reporter-output>
          </reporter-output>
        </test-method> <!-- setUpPage -->
        <test-method signature="verifyEnrollmentSort()[pri:7, instance:testCases.TablePageTest@3b69e7d1]" started-at="2026-01-08T11:35:36 IST" name="verifyEnrollmentSort" finished-at="2026-01-08T11:35:39 IST" duration-ms="2699" status="PASS">
          <reporter-output>
          </reporter-output>
        </test-method> <!-- verifyEnrollmentSort -->
        <test-method is-config="true" signature="setUpPage()[pri:0, instance:testCases.TablePageTest@3b69e7d1]" started-at="2026-01-08T11:35:39 IST" name="setUpPage" finished-at="2026-01-08T11:35:39 IST" duration-ms="3" status="PASS">
          <reporter-output>
          </reporter-output>
        </test-method> <!-- setUpPage -->
        <test-method signature="verifyCourseNameSort()[pri:8, instance:testCases.TablePageTest@3b69e7d1]" started-at="2026-01-08T11:35:39 IST" name="verifyCourseNameSort" finished-at="2026-01-08T11:35:42 IST" duration-ms="3099" status="PASS">
          <reporter-output>
          </reporter-output>
        </test-method> <!-- verifyCourseNameSort -->
        <test-method is-config="true" signature="tearDown()[pri:0, instance:testCases.TablePageTest@3b69e7d1]" started-at="2026-01-08T11:35:42 IST" name="tearDown" finished-at="2026-01-08T11:35:46 IST" duration-ms="3541" status="PASS">
          <reporter-output>
          </reporter-output>
        </test-method> <!-- tearDown -->
      </class> <!-- testCases.TablePageTest -->
    </test> <!-- Default test -->
  </suite> <!-- Default suite -->
</testng-results>
