<?xml version="1.0" encoding="UTF-8"?>
<testng-results ignored="0" total="1" passed="1" failed="0" skipped="0">
  <reporter-output>
  </reporter-output>
  <suite started-at="2026-01-07T10:15:20 IST" name="Default suite" finished-at="2026-01-07T10:15:24 IST" duration-ms="4795">
    <groups>
    </groups>
    <test started-at="2026-01-07T10:15:20 IST" name="Default test" finished-at="2026-01-07T10:15:24 IST" duration-ms="4795">
      <class name="com.ibm.apitesting.TestApi">
        <test-method signature="getWeatherDetails()[pri:0, instance:com.ibm.apitesting.TestApi@c8c12ac]" started-at="2026-01-07T10:15:20 IST" name="getWeatherDetails" finished-at="2026-01-07T10:15:24 IST" duration-ms="4721" status="PASS">
          <reporter-output>
          </reporter-output>
        </test-method> <!-- getWeatherDetails -->
      </class> <!-- com.ibm.apitesting.TestApi -->
    </test> <!-- Default test -->
  </suite> <!-- Default suite -->
</testng-results>
