<?xml version="1.0" encoding="UTF-8"?>
<testng-results ignored="0" total="5" passed="5" failed="0" skipped="0">
  <reporter-output>
  </reporter-output>
  <suite started-at="2025-12-30T16:50:33 IST" name="Suite" finished-at="2025-12-30T16:50:59 IST" duration-ms="25847">
    <groups>
    </groups>
    <test started-at="2025-12-30T16:50:33 IST" name="Test" finished-at="2025-12-30T16:50:59 IST" duration-ms="25847">
      <class name="com.saucedemo.testng.tests.ProductsTest">
        <test-method is-config="true" signature="setUp()[pri:0, instance:com.saucedemo.testng.tests.ProductsTest@4c402120]" started-at="2025-12-30T16:50:51 IST" name="setUp" finished-at="2025-12-30T16:50:53 IST" duration-ms="2021" status="PASS">
          <reporter-output>
          </reporter-output>
        </test-method> <!-- setUp -->
        <test-method signature="verifyMenuButtonisClickable()[pri:0, instance:com.saucedemo.testng.tests.ProductsTest@4c402120]" started-at="2025-12-30T16:50:53 IST" name="verifyMenuButtonisClickable" finished-at="2025-12-30T16:50:56 IST" duration-ms="2985" status="PASS">
          <reporter-output>
          </reporter-output>
        </test-method> <!-- verifyMenuButtonisClickable -->
        <test-method is-config="true" signature="tearDown()[pri:0, instance:com.saucedemo.testng.tests.ProductsTest@4c402120]" started-at="2025-12-30T16:50:56 IST" name="tearDown" finished-at="2025-12-30T16:50:56 IST" duration-ms="324" status="PASS">
          <reporter-output>
          </reporter-output>
        </test-method> <!-- tearDown -->
        <test-method is-config="true" signature="setUp()[pri:0, instance:com.saucedemo.testng.tests.ProductsTest@4c402120]" started-at="2025-12-30T16:50:56 IST" name="setUp" finished-at="2025-12-30T16:50:58 IST" duration-ms="1984" status="PASS">
          <reporter-output>
          </reporter-output>
        </test-method> <!-- setUp -->
        <test-method signature="verifyProductsPageLoads()[pri:1, instance:com.saucedemo.testng.tests.ProductsTest@4c402120]" started-at="2025-12-30T16:50:58 IST" name="verifyProductsPageLoads" finished-at="2025-12-30T16:50:59 IST" duration-ms="723" status="PASS">
          <reporter-output>
          </reporter-output>
        </test-method> <!-- verifyProductsPageLoads -->
        <test-method is-config="true" signature="tearDown()[pri:0, instance:com.saucedemo.testng.tests.ProductsTest@4c402120]" started-at="2025-12-30T16:50:59 IST" name="tearDown" finished-at="2025-12-30T16:50:59 IST" duration-ms="340" status="PASS">
          <reporter-output>
          </reporter-output>
        </test-method> <!-- tearDown -->
      </class> <!-- com.saucedemo.testng.tests.ProductsTest -->
      <class name="com.saucedemo.testng.tests.LoginTest">
        <test-method is-config="true" signature="setUp()[pri:0, instance:com.saucedemo.testng.tests.LoginTest@a1153bc]" started-at="2025-12-30T16:50:33 IST" name="setUp" finished-at="2025-12-30T16:50:37 IST" duration-ms="3800" status="PASS">
          <reporter-output>
          </reporter-output>
        </test-method> <!-- setUp -->
        <test-method signature="loginWithInvalidUsernameAndValidPassword()[pri:0, instance:com.saucedemo.testng.tests.LoginTest@a1153bc]" started-at="2025-12-30T16:50:37 IST" name="loginWithInvalidUsernameAndValidPassword" finished-at="2025-12-30T16:50:40 IST" duration-ms="2770" status="PASS">
          <reporter-output>
          </reporter-output>
        </test-method> <!-- loginWithInvalidUsernameAndValidPassword -->
        <test-method is-config="true" signature="tearDown()[pri:0, instance:com.saucedemo.testng.tests.LoginTest@a1153bc]" started-at="2025-12-30T16:50:40 IST" name="tearDown" finished-at="2025-12-30T16:50:40 IST" duration-ms="344" status="PASS">
          <reporter-output>
          </reporter-output>
        </test-method> <!-- tearDown -->
        <test-method is-config="true" signature="setUp()[pri:0, instance:com.saucedemo.testng.tests.LoginTest@a1153bc]" started-at="2025-12-30T16:50:40 IST" name="setUp" finished-at="2025-12-30T16:50:42 IST" duration-ms="2071" status="PASS">
          <reporter-output>
          </reporter-output>
        </test-method> <!-- setUp -->
        <test-method signature="loginWithValidUsernameAndInvalidPassword()[pri:0, instance:com.saucedemo.testng.tests.LoginTest@a1153bc]" started-at="2025-12-30T16:50:42 IST" name="loginWithValidUsernameAndInvalidPassword" finished-at="2025-12-30T16:50:45 IST" duration-ms="2737" status="PASS">
          <reporter-output>
          </reporter-output>
        </test-method> <!-- loginWithValidUsernameAndInvalidPassword -->
        <test-method is-config="true" signature="tearDown()[pri:0, instance:com.saucedemo.testng.tests.LoginTest@a1153bc]" started-at="2025-12-30T16:50:45 IST" name="tearDown" finished-at="2025-12-30T16:50:45 IST" duration-ms="336" status="PASS">
          <reporter-output>
          </reporter-output>
        </test-method> <!-- tearDown -->
        <test-method is-config="true" signature="setUp()[pri:0, instance:com.saucedemo.testng.tests.LoginTest@a1153bc]" started-at="2025-12-30T16:50:45 IST" name="setUp" finished-at="2025-12-30T16:50:47 IST" duration-ms="1993" status="PASS">
          <reporter-output>
          </reporter-output>
        </test-method> <!-- setUp -->
        <test-method signature="loginWithValidCredentials()[pri:1, instance:com.saucedemo.testng.tests.LoginTest@a1153bc]" started-at="2025-12-30T16:50:47 IST" name="loginWithValidCredentials" finished-at="2025-12-30T16:50:50 IST" duration-ms="2937" status="PASS">
          <reporter-output>
          </reporter-output>
        </test-method> <!-- loginWithValidCredentials -->
        <test-method is-config="true" signature="tearDown()[pri:0, instance:com.saucedemo.testng.tests.LoginTest@a1153bc]" started-at="2025-12-30T16:50:50 IST" name="tearDown" finished-at="2025-12-30T16:50:51 IST" duration-ms="376" status="PASS">
          <reporter-output>
          </reporter-output>
        </test-method> <!-- tearDown -->
      </class> <!-- com.saucedemo.testng.tests.LoginTest -->
    </test> <!-- Test -->
  </suite> <!-- Suite -->
</testng-results>
