<?xml version="1.0" encoding="UTF-8"?>
<testng-results ignored="0" total="4" passed="4" failed="0" skipped="0">
  <reporter-output>
  </reporter-output>
  <suite started-at="2025-12-29T15:50:51 IST" name="Default suite" finished-at="2025-12-29T15:51:05 IST" duration-ms="14118">
    <groups>
    </groups>
    <test started-at="2025-12-29T15:50:51 IST" name="Default test" finished-at="2025-12-29T15:51:05 IST" duration-ms="14118">
      <class name="com.saucedemo.testng.LoginTest">
        <test-method is-config="true" signature="setup()[pri:0, instance:com.saucedemo.testng.LoginTest@5656be13]" started-at="2025-12-29T15:50:51 IST" name="setup" finished-at="2025-12-29T15:50:55 IST" duration-ms="3992" status="PASS">
          <reporter-output>
          </reporter-output>
        </test-method> <!-- setup -->
        <test-method signature="openAppTest()[pri:0, instance:com.saucedemo.testng.LoginTest@5656be13]" started-at="2025-12-29T15:50:55 IST" name="openAppTest" finished-at="2025-12-29T15:50:55 IST" duration-ms="49" status="PASS">
          <reporter-output>
          </reporter-output>
        </test-method> <!-- openAppTest -->
        <test-method is-config="true" signature="tearDown()[pri:0, instance:com.saucedemo.testng.LoginTest@5656be13]" started-at="2025-12-29T15:50:55 IST" name="tearDown" finished-at="2025-12-29T15:50:55 IST" duration-ms="328" status="PASS">
          <reporter-output>
          </reporter-output>
        </test-method> <!-- tearDown -->
        <test-method is-config="true" signature="setup()[pri:0, instance:com.saucedemo.testng.LoginTest@5656be13]" started-at="2025-12-29T15:50:55 IST" name="setup" finished-at="2025-12-29T15:50:58 IST" duration-ms="2280" status="PASS">
          <reporter-output>
          </reporter-output>
        </test-method> <!-- setup -->
        <test-method signature="loginWithInvalidUsernameAndValidPassword()[pri:0, instance:com.saucedemo.testng.LoginTest@5656be13]" started-at="2025-12-29T15:50:58 IST" name="loginWithInvalidUsernameAndValidPassword" finished-at="2025-12-29T15:50:58 IST" depends-on-methods="com.saucedemo.testng.LoginTest.openAppTest" duration-ms="670" status="PASS">
          <reporter-output>
          </reporter-output>
        </test-method> <!-- loginWithInvalidUsernameAndValidPassword -->
        <test-method is-config="true" signature="tearDown()[pri:0, instance:com.saucedemo.testng.LoginTest@5656be13]" started-at="2025-12-29T15:50:58 IST" name="tearDown" finished-at="2025-12-29T15:50:59 IST" duration-ms="331" status="PASS">
          <reporter-output>
          </reporter-output>
        </test-method> <!-- tearDown -->
        <test-method is-config="true" signature="setup()[pri:0, instance:com.saucedemo.testng.LoginTest@5656be13]" started-at="2025-12-29T15:50:59 IST" name="setup" finished-at="2025-12-29T15:51:01 IST" duration-ms="2156" status="PASS">
          <reporter-output>
          </reporter-output>
        </test-method> <!-- setup -->
        <test-method signature="loginWithValidCredentials()[pri:0, instance:com.saucedemo.testng.LoginTest@5656be13]" started-at="2025-12-29T15:51:01 IST" name="loginWithValidCredentials" finished-at="2025-12-29T15:51:02 IST" depends-on-methods="com.saucedemo.testng.LoginTest.openAppTest" duration-ms="827" status="PASS">
          <reporter-output>
          </reporter-output>
        </test-method> <!-- loginWithValidCredentials -->
        <test-method is-config="true" signature="tearDown()[pri:0, instance:com.saucedemo.testng.LoginTest@5656be13]" started-at="2025-12-29T15:51:02 IST" name="tearDown" finished-at="2025-12-29T15:51:02 IST" duration-ms="376" status="PASS">
          <reporter-output>
          </reporter-output>
        </test-method> <!-- tearDown -->
        <test-method is-config="true" signature="setup()[pri:0, instance:com.saucedemo.testng.LoginTest@5656be13]" started-at="2025-12-29T15:51:02 IST" name="setup" finished-at="2025-12-29T15:51:04 IST" duration-ms="2106" status="PASS">
          <reporter-output>
          </reporter-output>
        </test-method> <!-- setup -->
        <test-method signature="loginWithValidUsernameAndInvalidPassword()[pri:0, instance:com.saucedemo.testng.LoginTest@5656be13]" started-at="2025-12-29T15:51:04 IST" name="loginWithValidUsernameAndInvalidPassword" finished-at="2025-12-29T15:51:05 IST" depends-on-methods="com.saucedemo.testng.LoginTest.openAppTest" duration-ms="654" status="PASS">
          <reporter-output>
          </reporter-output>
        </test-method> <!-- loginWithValidUsernameAndInvalidPassword -->
        <test-method is-config="true" signature="tearDown()[pri:0, instance:com.saucedemo.testng.LoginTest@5656be13]" started-at="2025-12-29T15:51:05 IST" name="tearDown" finished-at="2025-12-29T15:51:05 IST" duration-ms="245" status="PASS">
          <reporter-output>
          </reporter-output>
        </test-method> <!-- tearDown -->
      </class> <!-- com.saucedemo.testng.LoginTest -->
    </test> <!-- Default test -->
  </suite> <!-- Default suite -->
</testng-results>
