<?xml version="1.0" encoding="UTF-8"?>
<!-- Generated by org.testng.reporters.JUnitXMLReporter -->
<testsuite ignored="0" hostname="IBM-1WST4D4" failures="0" tests="5" name="Test" time="25.847" errors="0" timestamp="2025-12-30T16:50:59 IST">
  <testcase classname="com.saucedemo.testng.tests.LoginTest" name="loginWithInvalidUsernameAndValidPassword" time="2.77"/>
  <testcase classname="com.saucedemo.testng.tests.LoginTest" name="loginWithValidUsernameAndInvalidPassword" time="2.737"/>
  <testcase classname="com.saucedemo.testng.tests.LoginTest" name="loginWithValidCredentials" time="2.937"/>
  <testcase classname="com.saucedemo.testng.tests.ProductsTest" name="verifyMenuButtonisClickable" time="2.985"/>
  <testcase classname="com.saucedemo.testng.tests.ProductsTest" name="verifyProductsPageLoads" time="0.723"/>
</testsuite> <!-- Test -->
