<?xml version="1.0" encoding="UTF-8"?>
<!-- Generated by org.testng.reporters.JUnitXMLReporter -->
<testsuite ignored="0" hostname="IBM-1WST4D4" failures="1" tests="6" name="Test" time="0.187" errors="0" timestamp="2025-12-29T10:40:35 IST">
  <testcase classname="com.ibm.test.LoginTest" name="verifyRegistration" time="0.03">
    <failure type="java.lang.AssertionError" message="expected [true] but found [false]">
      <![CDATA[java.lang.AssertionError: expected [true] but found [false]
at com.ibm.test.LoginTest.verifyRegistration(LoginTest.java:12)
at java.base/java.util.ArrayList.forEach(ArrayList.java:1596)
... Removed 29 stack frames]]>
    </failure>
  </testcase> <!-- verifyRegistration -->
  <testcase classname="com.ibm.test.LoginTest" name="verifyLoginWithValidCredential" time="0.001">
    <skipped/>
  </testcase> <!-- verifyLoginWithValidCredential -->
  <testcase classname="com.ibm.test.LoginTest" name="verifyLoginWithValidUsernameAndInvalidPassword" time="0.001">
    <skipped/>
  </testcase> <!-- verifyLoginWithValidUsernameAndInvalidPassword -->
  <testcase classname="com.ibm.test.LoginTest" name="verifyLoginWithInvalidUsernameAndValidPassword" time="0.0">
    <skipped/>
  </testcase> <!-- verifyLoginWithInvalidUsernameAndValidPassword -->
  <testcase classname="com.ibm.test.TransferFundsTest" name="verifyFundsTransferWithEnoughFunds" time="0.002"/>
  <testcase classname="com.ibm.test.TransferFundsTest" name="verifyFundsTransferWithoutEnoughFunds" time="0.002"/>
</testsuite> <!-- Test -->
