<?xml version="1.0" encoding="UTF-8"?>
<!-- Generated by org.testng.reporters.JUnitReportReporter -->
<testsuite hostname="IBM-1WST4D4" failures="0" tests="4" name="com.ibm.runners.TestRunner" time="31.443" errors="0" timestamp="2026-01-01T16:15:00 IST" skipped="0">
  <testcase classname="com.ibm.runners.TestRunner" name="runScenario" time="9.922"/>
  <testcase classname="com.ibm.runners.TestRunner" name="runScenario" time="7.778"/>
  <testcase classname="com.ibm.runners.TestRunner" name="runScenario" time="6.198"/>
  <testcase classname="com.ibm.runners.TestRunner" name="runScenario" time="7.545"/>
</testsuite> <!-- com.ibm.runners.TestRunner -->
