<?xml version="1.0" encoding="UTF-8"?>
<!-- Generated by org.testng.reporters.JUnitReportReporter -->
<testsuite hostname="IBM-1WST4D4" failures="0" tests="4" name="com.ibm.runners.TestRunner" time="31.470" errors="0" timestamp="2026-01-02T14:15:14 IST" skipped="0">
  <testcase classname="com.ibm.runners.TestRunner" name="runScenario" time="7.478"/>
  <testcase classname="com.ibm.runners.TestRunner" name="runScenario" time="7.140"/>
  <testcase classname="com.ibm.runners.TestRunner" name="runScenario" time="6.636"/>
  <testcase classname="com.ibm.runners.TestRunner" name="runScenario" time="10.216"/>
</testsuite> <!-- com.ibm.runners.TestRunner -->
