<?xml version="1.0" encoding="UTF-8"?>
<!-- Generated by org.testng.reporters.JUnitXMLReporter -->
<testsuite ignored="0" hostname="IBM-1WST4D4" failures="0" tests="8" name="Default test" time="37.072" errors="0" timestamp="2026-01-08T11:35:46 IST">
  <testcase classname="testCases.TablePageTest" name="verifyJavaCourses" time="2.993"/>
  <testcase classname="testCases.TablePageTest" name="verifyBeginnerCourses" time="1.856"/>
  <testcase classname="testCases.TablePageTest" name="verifyEnrollment" time="2.513"/>
  <testcase classname="testCases.TablePageTest" name="verifyMixedCondition" time="5.027"/>
  <testcase classname="testCases.TablePageTest" name="verifyNoMatchingCase" time="1.749"/>
  <testcase classname="testCases.TablePageTest" name="verifyResetButton" time="1.717"/>
  <testcase classname="testCases.TablePageTest" name="verifyEnrollmentSort" time="2.699"/>
  <testcase classname="testCases.TablePageTest" name="verifyCourseNameSort" time="3.099"/>
</testsuite> <!-- Default test -->
