<?xml version="1.0" encoding="UTF-8"?>
<!-- Generated by org.testng.reporters.JUnitXMLReporter -->
<testsuite ignored="0" hostname="IBM-1WST4D4" failures="0" tests="8" name="Default test" time="30.158" errors="0" timestamp="2026-01-04T19:38:13 IST">
  <testcase classname="testCases.TablePageTest" name="verifyJavaCourses" time="3.453"/>
  <testcase classname="testCases.TablePageTest" name="verifyBeginnerCourses" time="2.528"/>
  <testcase classname="testCases.TablePageTest" name="verifyEnrollment" time="2.46"/>
  <testcase classname="testCases.TablePageTest" name="verifyMixedCondition" time="3.936"/>
  <testcase classname="testCases.TablePageTest" name="verifyNoMatchingCase" time="2.15"/>
  <testcase classname="testCases.TablePageTest" name="verifyResetButton" time="1.424"/>
  <testcase classname="testCases.TablePageTest" name="verifyEnrollmentSort" time="2.589"/>
  <testcase classname="testCases.TablePageTest" name="verifyCourseNameSort" time="2.638"/>
</testsuite> <!-- Default test -->
