<?xml version="1.0" encoding="UTF-8"?>
<!-- Generated by org.testng.reporters.JUnitXMLReporter -->
<testsuite ignored="0" hostname="IBM-1WST4D4" failures="0" tests="7" name="Default test" time="14.747" errors="0" timestamp="2026-01-07T13:00:56 IST">
  <testcase classname="com.ibm.tests.PetTests" name="addPetInfo" time="5.476"/>
  <testcase classname="com.ibm.tests.PetTests" name="getPetsByStatus" time="2.055"/>
  <testcase classname="com.ibm.tests.PetTests" name="getPetById" time="1.159"/>
  <testcase classname="com.ibm.tests.PetTests" name="updatePetByFormData" time="1.168"/>
  <testcase classname="com.ibm.tests.PetTests" name="updatePetInfo" time="1.433"/>
  <testcase classname="com.ibm.tests.PetTests" name="uploadPetImage" time="2.3"/>
  <testcase classname="com.ibm.tests.PetTests" name="deletePetInfo" time="1.027"/>
</testsuite> <!-- Default test -->
